<?xml version="1.0" encoding="UTF-8"?>
<!-- Generated by org.testng.reporters.JUnitReportReporter -->
<testsuite skipped="0" hostname="LAPTOP-BBNMMLDQ" name="com.jacoco.systest.DemoTest" tests="1" failures="0" timestamp="2022-02-03T09:55:24 PST" time="3.351" errors="0">
  <testcase name="getCatService" time="3.351" classname="com.jacoco.systest.DemoTest"/>
  <system-out/>
</testsuite> <!-- com.jacoco.systest.DemoTest -->
